<?xml version="1.0" encoding="UTF-8"?>
<testng-results skipped="0" failed="0" total="1" passed="1">
  <reporter-output>
  </reporter-output>
  <suite name="Default suite" duration-ms="23990" started-at="2019-06-17T07:18:18Z" finished-at="2019-06-17T07:18:42Z">
    <groups>
    </groups>
    <test name="Default test" duration-ms="23990" started-at="2019-06-17T07:18:18Z" finished-at="2019-06-17T07:18:42Z">
      <class name="com.training.sanity.tests.ProductDeleteTests">
        <test-method status="PASS" signature="logreports()[pri:0, instance:com.training.sanity.tests.ProductDeleteTests@6debcae2]" name="logreports" is-config="true" duration-ms="456" started-at="2019-06-17T12:48:18Z" finished-at="2019-06-17T12:48:18Z">
          <reporter-output>
          </reporter-output>
        </test-method> <!-- logreports -->
        <test-method status="PASS" signature="setUpBeforeClass()[pri:0, instance:com.training.sanity.tests.ProductDeleteTests@6debcae2]" name="setUpBeforeClass" is-config="true" duration-ms="1" started-at="2019-06-17T12:48:18Z" finished-at="2019-06-17T12:48:18Z">
          <reporter-output>
          </reporter-output>
        </test-method> <!-- setUpBeforeClass -->
        <test-method status="PASS" signature="setUp()[pri:0, instance:com.training.sanity.tests.ProductDeleteTests@6debcae2]" name="setUp" is-config="true" duration-ms="10369" started-at="2019-06-17T12:48:18Z" finished-at="2019-06-17T12:48:29Z">
          <reporter-output>
          </reporter-output>
        </test-method> <!-- setUp -->
        <test-method status="PASS" signature="validLoginTest()[pri:0, instance:com.training.sanity.tests.ProductDeleteTests@6debcae2]" name="validLoginTest" duration-ms="12126" started-at="2019-06-17T12:48:29Z" finished-at="2019-06-17T12:48:41Z">
          <reporter-output>
          </reporter-output>
        </test-method> <!-- validLoginTest -->
        <test-method status="PASS" signature="tearDown()[pri:0, instance:com.training.sanity.tests.ProductDeleteTests@6debcae2]" name="tearDown" is-config="true" duration-ms="1002" started-at="2019-06-17T12:48:41Z" finished-at="2019-06-17T12:48:42Z">
          <reporter-output>
          </reporter-output>
        </test-method> <!-- tearDown -->
      </class> <!-- com.training.sanity.tests.ProductDeleteTests -->
    </test> <!-- Default test -->
  </suite> <!-- Default suite -->
</testng-results>
